<?xml version="1.0" encoding="UTF-8"?>
<testng-results skipped="0" failed="0" ignored="0" total="1" passed="1">
  <reporter-output>
  </reporter-output>
  <suite name="Default suite" duration-ms="36473" started-at="2019-06-27T08:25:42Z" finished-at="2019-06-27T08:26:18Z">
    <groups>
    </groups>
    <test name="Default test" duration-ms="36473" started-at="2019-06-27T08:25:42Z" finished-at="2019-06-27T08:26:18Z">
      <class name="com.training.regression.tests.RegisterInvalidExcelTest">
        <test-method status="PASS" signature="setUpBeforeClass()[pri:0, instance:com.training.regression.tests.RegisterInvalidExcelTest@3f0ee7cb]" name="setUpBeforeClass" is-config="true" duration-ms="20" started-at="2019-06-27T13:55:42Z" finished-at="2019-06-27T13:55:42Z">
          <reporter-output>
          </reporter-output>
        </test-method> <!-- setUpBeforeClass -->
        <test-method status="PASS" signature="setUp()[pri:0, instance:com.training.regression.tests.RegisterInvalidExcelTest@3f0ee7cb]" name="setUp" is-config="true" duration-ms="15014" started-at="2019-06-27T13:55:43Z" finished-at="2019-06-27T13:55:58Z">
          <reporter-output>
          </reporter-output>
        </test-method> <!-- setUp -->
        <test-method status="PASS" signature="RegisterTest(java.lang.String, java.lang.String, java.lang.String, java.lang.String)[pri:0, instance:com.training.regression.tests.RegisterInvalidExcelTest@3f0ee7cb]" name="RegisterTest" duration-ms="18264" started-at="2019-06-27T13:55:58Z" data-provider="excel-inputs1" finished-at="2019-06-27T13:56:16Z">
          <params>
            <param index="0">
              <value>
                <![CDATA[Mariya]]>
              </value>
            </param>
            <param index="1">
              <value>
                <![CDATA[Selvi]]>
              </value>
            </param>
            <param index="2">
              <value>
                <![CDATA[Mariya]]>
              </value>
            </param>
            <param index="3">
              <value>
                <![CDATA[9781254301]]>
              </value>
            </param>
          </params>
          <reporter-output>
          </reporter-output>
        </test-method> <!-- RegisterTest -->
        <test-method status="PASS" signature="tearDown()[pri:0, instance:com.training.regression.tests.RegisterInvalidExcelTest@3f0ee7cb]" name="tearDown" is-config="true" duration-ms="2041" started-at="2019-06-27T13:56:16Z" finished-at="2019-06-27T13:56:18Z">
          <reporter-output>
          </reporter-output>
        </test-method> <!-- tearDown -->
      </class> <!-- com.training.regression.tests.RegisterInvalidExcelTest -->
    </test> <!-- Default test -->
  </suite> <!-- Default suite -->
</testng-results>
