<?xml version="1.0" encoding="UTF-8"?>
<!-- Generated by org.testng.reporters.JUnitXMLReporter -->
<testsuite hostname="ajenifer" name="Sample test" tests="1" failures="1" timestamp="21 Jun 2019 07:09:47 GMT" time="50.576" errors="0">
  <testcase name="validLoginTest" time="27.206" classname="com.training.sanity.tests.MyLoginPara">
    <failure type="org.openqa.selenium.NoSuchSessionException" message="Session ID is null. Using WebDriver after calling quit()?
Build info: version: &amp;apos;3.141.59&amp;apos;, revision: &amp;apos;e82be7d358&amp;apos;, time: &amp;apos;2018-11-14T08:17:03&amp;apos;
System info: host: &amp;apos;AJENIFER&amp;apos;, ip: &amp;apos;9.120.247.122&amp;apos;, os.name: &amp;apos;Windows 10&amp;apos;, os.arch: &amp;apos;amd64&amp;apos;, os.version: &amp;apos;10.0&amp;apos;, java.version: &amp;apos;1.8.0_211&amp;apos;
Driver info: driver.version: RemoteWebDriver">
      <![CDATA[org.openqa.selenium.NoSuchSessionException: Session ID is null. Using WebDriver after calling quit()?
Build info: version: '3.141.59', revision: 'e82be7d358', time: '2018-11-14T08:17:03'
System info: host: 'AJENIFER', ip: '9.120.247.122', os.name: 'Windows 10', os.arch: 'amd64', os.version: '10.0', java.version: '1.8.0_211'
Driver info: driver.version: RemoteWebDriver
	at org.openqa.selenium.remote.HttpCommandExecutor.execute(HttpCommandExecutor.java:125)
	at org.openqa.selenium.remote.service.DriverCommandExecutor.execute(DriverCommandExecutor.java:83)
	at org.openqa.selenium.remote.RemoteWebDriver.execute(RemoteWebDriver.java:552)
	at org.openqa.selenium.remote.RemoteWebDriver.perform(RemoteWebDriver.java:618)
	at org.openqa.selenium.interactions.Actions$BuiltAction.perform(Actions.java:639)
	at com.training.pom.MyLoginPOM.clickLogOut(MyLoginPOM.java:59)
	at com.training.sanity.tests.MyLoginPara.validLoginTest(MyLoginPara.java:116)
	at java.util.concurrent.FutureTask.run(Unknown Source)
	at java.util.concurrent.ThreadPoolExecutor.runWorker(Unknown Source)
	at java.util.concurrent.ThreadPoolExecutor$Worker.run(Unknown Source)
	at java.lang.Thread.run(Unknown Source)
... Removed 16 stack frames]]>
    </failure>
  </testcase> <!-- validLoginTest -->
</testsuite> <!-- Sample test -->
